<?xml version="1.0" encoding="UTF-8"?>
<!-- Generated by org.testng.reporters.JUnitReportReporter -->
<testsuite skipped="0" hostname="DESKTOP-R0QK2O8" name="demo.DemoTestDataProvider" tests="2" failures="0" timestamp="06 Apr 2019 07:02:43 GMT" time="0.022" errors="0">
  <testcase name="printTestData" time="0.019" classname="demo.DemoTestDataProvider"/>
  <testcase name="printTestData" time="0.003" classname="demo.DemoTestDataProvider"/>
</testsuite> <!-- demo.DemoTestDataProvider -->
