<?xml version="1.0" encoding="UTF-8"?>
<!-- Generated by org.testng.reporters.JUnitReportReporter -->
<testsuite skipped="0" hostname="DESKTOP-R0QK2O8" name="com.mercuryTravel.tests.HomePageTests" tests="1" failures="0" timestamp="20 Apr 2019 05:43:24 GMT" time="3.124" errors="0">
  <testcase name="verifyLoginToMercuryTravelAsUserWithCorrectCredentials" time="3.124" classname="com.mercuryTravel.tests.HomePageTests"/>
</testsuite> <!-- com.mercuryTravel.tests.HomePageTests -->
