<?xml version="1.0" encoding="UTF-8"?>
<!-- Generated by org.testng.reporters.JUnitReportReporter -->
<testsuite skipped="0" hostname="DESKTOP-R0QK2O8" name="designPattern.DemoAmazonPOM1Style" tests="1" failures="0" timestamp="17 Mar 2019 06:29:11 GMT" time="6.435" errors="0">
  <testcase name="searchProduct" time="6.435" classname="designPattern.DemoAmazonPOM1Style"/>
</testsuite> <!-- designPattern.DemoAmazonPOM1Style -->
