<?xml version="1.0" encoding="UTF-8"?>
<!-- Generated by org.testng.reporters.JUnitReportReporter -->
<testsuite skipped="0" hostname="DESKTOP-R0QK2O8" name="designPattern.DemoAmazonPageFactory" tests="1" failures="0" timestamp="17 Mar 2019 06:54:25 GMT" time="7.337" errors="0">
  <testcase name="searchProduct" time="7.337" classname="designPattern.DemoAmazonPageFactory"/>
</testsuite> <!-- designPattern.DemoAmazonPageFactory -->
